<?xml version="1.0" encoding="UTF-8"?>
<testsuite name="CensusAnalyserDataTest" tests="1" skipped="0" failures="0" errors="0" timestamp="2021-05-23T13:47:12" hostname="ADMIN-PC" time="0.261">
  <properties/>
  <testcase name="givenIndianCensusCSVFileReturnsCorrectRecords()" classname="CensusAnalyserDataTest" time="0.261"/>
  <system-out><![CDATA[29
]]></system-out>
  <system-err><![CDATA[]]></system-err>
</testsuite>
